ORTHOMCL0(9 genes,1 taxa):	 Tb927.1.1150:mRNA(Tb927.1) Tb927.1.2330:mRNA(Tb927.1) Tb927.1.2340:mRNA(Tb927.1) Tb927.1.2350:mRNA(Tb927.1) Tb927.1.2360:mRNA(Tb927.1) Tb927.1.2370:mRNA(Tb927.1) Tb927.1.2380:mRNA(Tb927.1) Tb927.1.2390:mRNA(Tb927.1) Tb927.1.2400:mRNA(Tb927.1)
ORTHOMCL1(7 genes,1 taxa):	 Tb927.1.2430:mRNA(Tb927.1) Tb927.1.2450:mRNA(Tb927.1) Tb927.1.2470:mRNA(Tb927.1) Tb927.1.2490:mRNA(Tb927.1) Tb927.1.2510:mRNA(Tb927.1) Tb927.1.2530:mRNA(Tb927.1) Tb927.1.2550:mRNA(Tb927.1)
ORTHOMCL2(7 genes,1 taxa):	 Tb927.1.2100:mRNA(Tb927.1) Tb927.1.2110:mRNA(Tb927.1) Tb927.1.2120:mRNA(Tb927.1) Tb927.1.2150:mRNA(Tb927.1) Tb927.1.2160:mRNA(Tb927.1) Tb927.1.2230:mRNA(Tb927.1) Tb927.1.2260:mRNA(Tb927.1)
ORTHOMCL3(7 genes,2 taxa):	 LbrM.01.0520:mRNA(LbrM.1) LbrM.01.0540:mRNA(LbrM.1) LbrM.01.0550:mRNA(LbrM.1) LmjF.01.0470:mRNA(LmjF.1) LmjF.01.0490:mRNA(LmjF.1) LmjF.01.0500:mRNA(LmjF.1) LmjF.01.0520:mRNA(LmjF.1)
ORTHOMCL4(6 genes,1 taxa):	 Tb927.1.4540:mRNA(Tb927.1) Tb927.1.4560:mRNA(Tb927.1) Tb927.1.4580:mRNA(Tb927.1) Tb927.1.4600:mRNA(Tb927.1) Tb927.1.4630:mRNA(Tb927.1) Tb927.1.4650:mRNA(Tb927.1)
ORTHOMCL5(6 genes,1 taxa):	 Tb927.1.290:mRNA(Tb927.1) Tb927.1.3320:mRNA(Tb927.1) Tb927.1.3670:mRNA(Tb927.1) Tb927.1.370:mRNA(Tb927.1) Tb927.1.480:mRNA(Tb927.1) Tb927.1.5030:mRNA(Tb927.1)
ORTHOMCL6(5 genes,1 taxa):	 Tb927.1.4870:mRNA(Tb927.1) Tb927.1.4910:mRNA(Tb927.1) Tb927.1.5120:mRNA(Tb927.1) Tb927.1.5200:mRNA(Tb927.1) Tb927.1.5240:mRNA(Tb927.1)
ORTHOMCL7(5 genes,1 taxa):	 Tb927.1.120:mRNA(Tb927.1) Tb927.1.180:mRNA(Tb927.1) Tb927.1.220:mRNA(Tb927.1) Tb927.1.420:mRNA(Tb927.1) Tb927.1.70:mRNA(Tb927.1)
ORTHOMCL8(4 genes,1 taxa):	 Tb927.1.05:mRNA(Tb927.1) Tb927.1.5060:mRNA(Tb927.1) Tb927.1.5170:mRNA(Tb927.1) Tb927.1.5330:mRNA(Tb927.1)
ORTHOMCL9(4 genes,2 taxa):	 LbrM.01.0460:mRNA(LbrM.1) LbrM.01.0470:mRNA(LbrM.1) LmjF.01.0410:mRNA(LmjF.1) LmjF.01.0420:mRNA(LmjF.1)
ORTHOMCL10(3 genes,1 taxa):	 Tb927.1.700:mRNA(Tb927.1) Tb927.1.710:mRNA(Tb927.1) Tb927.1.720:mRNA(Tb927.1)
ORTHOMCL11(3 genes,1 taxa):	 Tb927.1.2830:mRNA(Tb927.1) Tb927.1.2860:mRNA(Tb927.1) Tb927.1.2890:mRNA(Tb927.1)
ORTHOMCL12(3 genes,1 taxa):	 Tb927.1.2820:mRNA(Tb927.1) Tb927.1.2850:mRNA(Tb927.1) Tb927.1.2880:mRNA(Tb927.1)
ORTHOMCL13(3 genes,1 taxa):	 Tb927.1.2810:mRNA(Tb927.1) Tb927.1.2840:mRNA(Tb927.1) Tb927.1.2870:mRNA(Tb927.1)
ORTHOMCL14(3 genes,1 taxa):	 Tb927.1.280:mRNA(Tb927.1) Tb927.1.380:mRNA(Tb927.1) Tb927.1.470:mRNA(Tb927.1)
ORTHOMCL15(3 genes,1 taxa):	 Tb927.1.2040:mRNA(Tb927.1) Tb927.1.4890:mRNA(Tb927.1) Tb927.1.5100:mRNA(Tb927.1)
ORTHOMCL16(3 genes,2 taxa):	 LmjF.01.0810:mRNA(LmjF.1) LmjF.01.0820:mRNA(LmjF.1) Tb927.1.4450:mRNA(Tb927.1)
ORTHOMCL17(3 genes,2 taxa):	 LbrM.01.0740:mRNA(LbrM.1) LmjF.01.0770:mRNA(LmjF.1) LmjF.01.0780:mRNA(LmjF.1)
ORTHOMCL18(3 genes,3 taxa):	 LbrM.01.0620:mRNA(LbrM.1) LmjF.01.0590:mRNA(LmjF.1) Tb927.1.3030:mRNA(Tb927.1)
ORTHOMCL19(3 genes,3 taxa):	 LbrM.01.0060:mRNA(LbrM.1) LmjF.01.0030:mRNA(LmjF.1) Tb927.1.1350:mRNA(Tb927.1)
ORTHOMCL20(2 genes,1 taxa):	 Tb927.1.580:mRNA(Tb927.1) Tb927.1.600:mRNA(Tb927.1)
ORTHOMCL21(2 genes,1 taxa):	 Tb927.1.50:mRNA(Tb927.1) Tb927.1.530:mRNA(Tb927.1)
ORTHOMCL22(2 genes,1 taxa):	 Tb927.1.5080:mRNA(Tb927.1) Tb927.1.5220:mRNA(Tb927.1)
ORTHOMCL23(2 genes,1 taxa):	 Tb927.1.4900:mRNA(Tb927.1) Tb927.1.5110:mRNA(Tb927.1)
ORTHOMCL24(2 genes,1 taxa):	 Tb927.1.4370:mRNA(Tb927.1) Tb927.1.4380:mRNA(Tb927.1)
ORTHOMCL25(2 genes,1 taxa):	 Tb927.1.4220.1(Tb927.1) Tb927.1.4220:mRNA(Tb927.1)
ORTHOMCL26(2 genes,1 taxa):	 Tb927.1.360:mRNA(Tb927.1) Tb927.1.490:mRNA(Tb927.1)
ORTHOMCL27(2 genes,1 taxa):	 Tb927.1.310:mRNA(Tb927.1) Tb927.1.340:mRNA(Tb927.1)
ORTHOMCL28(2 genes,1 taxa):	 Tb927.1.200:mRNA(Tb927.1) Tb927.1.460:mRNA(Tb927.1)
ORTHOMCL29(2 genes,1 taxa):	 Tb927.1.1560:mRNA(Tb927.1) Tb927.1.3230:mRNA(Tb927.1)
ORTHOMCL30(2 genes,1 taxa):	 Tb927.1.1530:mRNA(Tb927.1) Tb927.1.3130:mRNA(Tb927.1)
ORTHOMCL31(2 genes,1 taxa):	 Tb927.1.1470:mRNA(Tb927.1) Tb927.1.1500:mRNA(Tb927.1)
ORTHOMCL32(2 genes,1 taxa):	 Tb927.1.1040:mRNA(Tb927.1) Tb927.1.1650:mRNA(Tb927.1)
ORTHOMCL33(2 genes,2 taxa):	 LbrM.01.0750:mRNA(LbrM.1) LmjF.01.0790:mRNA(LmjF.1)
ORTHOMCL34(2 genes,2 taxa):	 LbrM.01.0730:mRNA(LbrM.1) LmjF.01.0760:mRNA(LmjF.1)
ORTHOMCL35(2 genes,2 taxa):	 LbrM.01.0710:mRNA(LbrM.1) LmjF.01.0740:mRNA(LmjF.1)
ORTHOMCL36(2 genes,2 taxa):	 LbrM.01.0700:mRNA(LbrM.1) LmjF.01.0720:mRNA(LmjF.1)
ORTHOMCL37(2 genes,2 taxa):	 LbrM.01.0690:mRNA(LbrM.1) LmjF.01.0710:mRNA(LmjF.1)
ORTHOMCL38(2 genes,2 taxa):	 LbrM.01.0670:mRNA(LbrM.1) LmjF.01.0690:mRNA(LmjF.1)
ORTHOMCL39(2 genes,2 taxa):	 LbrM.01.0660:mRNA(LbrM.1) LmjF.01.0680:mRNA(LmjF.1)
ORTHOMCL40(2 genes,2 taxa):	 LbrM.01.0650:mRNA(LbrM.1) LmjF.01.0670:mRNA(LmjF.1)
ORTHOMCL41(2 genes,2 taxa):	 LbrM.01.0640:mRNA(LbrM.1) LmjF.01.0660:mRNA(LmjF.1)
ORTHOMCL42(2 genes,2 taxa):	 LbrM.01.0630:mRNA(LbrM.1) LmjF.01.0600:mRNA(LmjF.1)
ORTHOMCL43(2 genes,2 taxa):	 LbrM.01.0610:mRNA(LbrM.1) LmjF.01.0580:mRNA(LmjF.1)
ORTHOMCL44(2 genes,2 taxa):	 LbrM.01.0600:mRNA(LbrM.1) LmjF.01.0570:mRNA(LmjF.1)
ORTHOMCL45(2 genes,2 taxa):	 LbrM.01.0590:mRNA(LbrM.1) LmjF.01.0560:mRNA(LmjF.1)
ORTHOMCL46(2 genes,2 taxa):	 LbrM.01.0580:mRNA(LbrM.1) LmjF.01.0550:mRNA(LmjF.1)
ORTHOMCL47(2 genes,2 taxa):	 LbrM.01.0570:mRNA(LbrM.1) LmjF.01.0540:mRNA(LmjF.1)
ORTHOMCL48(2 genes,2 taxa):	 LbrM.01.0560:mRNA(LbrM.1) LmjF.01.0530:mRNA(LmjF.1)
ORTHOMCL49(2 genes,2 taxa):	 LbrM.01.0510:mRNA(LbrM.1) LmjF.01.0460:mRNA(LmjF.1)
ORTHOMCL50(2 genes,2 taxa):	 LbrM.01.0500:mRNA(LbrM.1) LmjF.01.0450:mRNA(LmjF.1)
ORTHOMCL51(2 genes,2 taxa):	 LbrM.01.0490:mRNA(LbrM.1) LmjF.01.0440:mRNA(LmjF.1)
ORTHOMCL52(2 genes,2 taxa):	 LbrM.01.0480:mRNA(LbrM.1) LmjF.01.0430:mRNA(LmjF.1)
ORTHOMCL53(2 genes,2 taxa):	 LbrM.01.0450:mRNA(LbrM.1) LmjF.01.0400:mRNA(LmjF.1)
ORTHOMCL54(2 genes,2 taxa):	 LbrM.01.0440:mRNA(LbrM.1) LmjF.01.0390:mRNA(LmjF.1)
ORTHOMCL55(2 genes,2 taxa):	 LbrM.01.0430:mRNA(LbrM.1) LmjF.01.0380:mRNA(LmjF.1)
ORTHOMCL56(2 genes,2 taxa):	 LbrM.01.0420:mRNA(LbrM.1) LmjF.01.0370:mRNA(LmjF.1)
ORTHOMCL57(2 genes,2 taxa):	 LbrM.01.0410:mRNA(LbrM.1) LmjF.01.0360:mRNA(LmjF.1)
ORTHOMCL58(2 genes,2 taxa):	 LbrM.01.0400:mRNA(LbrM.1) LmjF.01.0350:mRNA(LmjF.1)
ORTHOMCL59(2 genes,2 taxa):	 LbrM.01.0390:mRNA(LbrM.1) LmjF.01.0340:mRNA(LmjF.1)
ORTHOMCL60(2 genes,2 taxa):	 LbrM.01.0380:mRNA(LbrM.1) LmjF.01.0335:mRNA(LmjF.1)
ORTHOMCL61(2 genes,2 taxa):	 LbrM.01.0370:mRNA(LbrM.1) LmjF.01.0330:mRNA(LmjF.1)
ORTHOMCL62(2 genes,2 taxa):	 LbrM.01.0360:mRNA(LbrM.1) LmjF.01.0320:mRNA(LmjF.1)
ORTHOMCL63(2 genes,2 taxa):	 LbrM.01.0350:mRNA(LbrM.1) LmjF.01.0315:mRNA(LmjF.1)
ORTHOMCL64(2 genes,2 taxa):	 LbrM.01.0340:mRNA(LbrM.1) LmjF.01.0310:mRNA(LmjF.1)
ORTHOMCL65(2 genes,2 taxa):	 LbrM.01.0330:mRNA(LbrM.1) LmjF.01.0300:mRNA(LmjF.1)
ORTHOMCL66(2 genes,2 taxa):	 LbrM.01.0320:mRNA(LbrM.1) LmjF.01.0290:mRNA(LmjF.1)
ORTHOMCL67(2 genes,2 taxa):	 LbrM.01.0310:mRNA(LbrM.1) LmjF.01.0280:mRNA(LmjF.1)
ORTHOMCL68(2 genes,2 taxa):	 LbrM.01.0300:mRNA(LbrM.1) LmjF.01.0270:mRNA(LmjF.1)
ORTHOMCL69(2 genes,2 taxa):	 LbrM.01.0290:mRNA(LbrM.1) LmjF.01.0250:mRNA(LmjF.1)
ORTHOMCL70(2 genes,2 taxa):	 LbrM.01.0280:mRNA(LbrM.1) LmjF.01.0240:mRNA(LmjF.1)
ORTHOMCL71(2 genes,2 taxa):	 LbrM.01.0270:mRNA(LbrM.1) LmjF.01.0230:mRNA(LmjF.1)
ORTHOMCL72(2 genes,2 taxa):	 LbrM.01.0250:mRNA(LbrM.1) LmjF.01.0220:mRNA(LmjF.1)
ORTHOMCL73(2 genes,2 taxa):	 LbrM.01.0240:mRNA(LbrM.1) LmjF.01.0210:mRNA(LmjF.1)
ORTHOMCL74(2 genes,2 taxa):	 LbrM.01.0230:mRNA(LbrM.1) LmjF.01.0200:mRNA(LmjF.1)
ORTHOMCL75(2 genes,2 taxa):	 LbrM.01.0220:mRNA(LbrM.1) LmjF.01.0190:mRNA(LmjF.1)
ORTHOMCL76(2 genes,2 taxa):	 LbrM.01.0210:mRNA(LbrM.1) LmjF.01.0180:mRNA(LmjF.1)
ORTHOMCL77(2 genes,2 taxa):	 LbrM.01.0200:mRNA(LbrM.1) LmjF.01.0170:mRNA(LmjF.1)
ORTHOMCL78(2 genes,2 taxa):	 LbrM.01.0190:mRNA(LbrM.1) LmjF.01.0160:mRNA(LmjF.1)
ORTHOMCL79(2 genes,2 taxa):	 LbrM.01.0180:mRNA(LbrM.1) LmjF.01.0150:mRNA(LmjF.1)
ORTHOMCL80(2 genes,2 taxa):	 LbrM.01.0170:mRNA(LbrM.1) LmjF.01.0140:mRNA(LmjF.1)
ORTHOMCL81(2 genes,2 taxa):	 LbrM.01.0160:mRNA(LbrM.1) LmjF.01.0130:mRNA(LmjF.1)
ORTHOMCL82(2 genes,2 taxa):	 LbrM.01.0150:mRNA(LbrM.1) LmjF.01.0120:mRNA(LmjF.1)
ORTHOMCL83(2 genes,2 taxa):	 LbrM.01.0140:mRNA(LbrM.1) LmjF.01.0110:mRNA(LmjF.1)
ORTHOMCL84(2 genes,2 taxa):	 LbrM.01.0130:mRNA(LbrM.1) LmjF.01.0100:mRNA(LmjF.1)
ORTHOMCL85(2 genes,2 taxa):	 LbrM.01.0120:mRNA(LbrM.1) LmjF.01.0090:mRNA(LmjF.1)
ORTHOMCL86(2 genes,2 taxa):	 LbrM.01.0110:mRNA(LbrM.1) LmjF.01.0080:mRNA(LmjF.1)
ORTHOMCL87(2 genes,2 taxa):	 LbrM.01.0100:mRNA(LbrM.1) LmjF.01.0070:mRNA(LmjF.1)
ORTHOMCL88(2 genes,2 taxa):	 LbrM.01.0090:mRNA(LbrM.1) LmjF.01.0060:mRNA(LmjF.1)
ORTHOMCL89(2 genes,2 taxa):	 LbrM.01.0080:mRNA(LbrM.1) LmjF.01.0050:mRNA(LmjF.1)
ORTHOMCL90(2 genes,2 taxa):	 LbrM.01.0070:mRNA(LbrM.1) LmjF.01.0040:mRNA(LmjF.1)
ORTHOMCL91(2 genes,2 taxa):	 LbrM.01.0050:mRNA(LbrM.1) LmjF.01.0020:mRNA(LmjF.1)
ORTHOMCL92(2 genes,2 taxa):	 LbrM.01.0040:mRNA(LbrM.1) LmjF.01.0010:mRNA(LmjF.1)
ORTHOMCL93(2 genes,2 taxa):	 LbrM.01.0030:mRNA(LbrM.1) LmjF.01.0610:mRNA(LmjF.1)
ORTHOMCL94(2 genes,2 taxa):	 LbrM.01.0020:mRNA(LbrM.1) LmjF.01.0620:mRNA(LmjF.1)
ORTHOMCL95(2 genes,2 taxa):	 LbrM.01.0010:mRNA(LbrM.1) LmjF.01.0630:mRNA(LmjF.1)
